INFO [2025-08-07 12:11:40] $x
INFO [2025-08-07 12:11:40] list(Pooled = b1_pooled_spp_list, Singles = b1_sinlges_spp_list)
INFO [2025-08-07 12:11:40] 
INFO [2025-08-07 12:11:40] $filename
INFO [2025-08-07 12:11:40] NULL
INFO [2025-08-07 12:11:40] 
INFO [2025-08-07 12:11:40] $fill
INFO [2025-08-07 12:11:40] c("skyblue", "lightgreen")
INFO [2025-08-07 12:11:40] 
INFO [2025-08-07 12:11:40] $alpha
INFO [2025-08-07 12:11:40] [1] 0.5
INFO [2025-08-07 12:11:40] 
INFO [2025-08-07 12:11:40] $cex
INFO [2025-08-07 12:11:40] [1] 2
INFO [2025-08-07 12:11:40] 
INFO [2025-08-07 12:11:40] $cat.cex
INFO [2025-08-07 12:11:40] [1] 1.5
INFO [2025-08-07 12:11:40] 
INFO [2025-08-07 12:11:40] $cat.pos
INFO [2025-08-07 12:11:40] [1] 0
INFO [2025-08-07 12:11:40] 
INFO [2025-08-07 12:11:40] $cat.dist
INFO [2025-08-07 12:11:40] [1] 0.05
INFO [2025-08-07 12:11:40] 
INFO [2025-08-07 12:11:40] $main
INFO [2025-08-07 12:11:40] [1] "Species Overlap: Pooled vs Singles"
INFO [2025-08-07 12:11:40] 
