INFO [2025-08-07 12:11:15] $x
INFO [2025-08-07 12:11:15] list(Pooled = b1_pooled_spp_list, Singles = b1_singles_spp_list)
INFO [2025-08-07 12:11:15] 
INFO [2025-08-07 12:11:15] $filename
INFO [2025-08-07 12:11:15] NULL
INFO [2025-08-07 12:11:15] 
INFO [2025-08-07 12:11:15] $fill
INFO [2025-08-07 12:11:15] c("skyblue", "lightgreen")
INFO [2025-08-07 12:11:15] 
INFO [2025-08-07 12:11:15] $alpha
INFO [2025-08-07 12:11:15] [1] 0.5
INFO [2025-08-07 12:11:15] 
INFO [2025-08-07 12:11:15] $cex
INFO [2025-08-07 12:11:15] [1] 2
INFO [2025-08-07 12:11:15] 
INFO [2025-08-07 12:11:15] $cat.cex
INFO [2025-08-07 12:11:15] [1] 1.5
INFO [2025-08-07 12:11:15] 
INFO [2025-08-07 12:11:15] $cat.pos
INFO [2025-08-07 12:11:15] [1] 0
INFO [2025-08-07 12:11:15] 
INFO [2025-08-07 12:11:15] $cat.dist
INFO [2025-08-07 12:11:15] [1] 0.05
INFO [2025-08-07 12:11:15] 
INFO [2025-08-07 12:11:15] $main
INFO [2025-08-07 12:11:15] [1] "Species Overlap: Pooled vs Singles"
INFO [2025-08-07 12:11:15] 
