INFO [2025-08-07 12:40:31] $x
INFO [2025-08-07 12:40:31] list(Pooled = b3_pooled_spp_list, Singles = b3_sinlges_spp_list)
INFO [2025-08-07 12:40:31] 
INFO [2025-08-07 12:40:31] $filename
INFO [2025-08-07 12:40:31] NULL
INFO [2025-08-07 12:40:31] 
INFO [2025-08-07 12:40:31] $fill
INFO [2025-08-07 12:40:31] c("skyblue", "lightgreen")
INFO [2025-08-07 12:40:31] 
INFO [2025-08-07 12:40:31] $alpha
INFO [2025-08-07 12:40:31] [1] 0.5
INFO [2025-08-07 12:40:31] 
INFO [2025-08-07 12:40:31] $cex
INFO [2025-08-07 12:40:31] [1] 2
INFO [2025-08-07 12:40:31] 
INFO [2025-08-07 12:40:31] $cat.cex
INFO [2025-08-07 12:40:31] [1] 1.5
INFO [2025-08-07 12:40:31] 
INFO [2025-08-07 12:40:31] $cat.pos
INFO [2025-08-07 12:40:31] [1] 0
INFO [2025-08-07 12:40:31] 
INFO [2025-08-07 12:40:31] $cat.dist
INFO [2025-08-07 12:40:31] [1] 0.05
INFO [2025-08-07 12:40:31] 
INFO [2025-08-07 12:40:31] $main
INFO [2025-08-07 12:40:31] [1] "Species Overlap: Pooled vs Singles, B3"
INFO [2025-08-07 12:40:31] 
