INFO [2025-08-08 16:01:27] $x
INFO [2025-08-08 16:01:27] venn_lists[[g]]
INFO [2025-08-08 16:01:27] 
INFO [2025-08-08 16:01:27] $filename
INFO [2025-08-08 16:01:27] NULL
INFO [2025-08-08 16:01:27] 
INFO [2025-08-08 16:01:27] $fill
INFO [2025-08-08 16:01:27] c("skyblue", "lightgreen")
INFO [2025-08-08 16:01:27] 
INFO [2025-08-08 16:01:27] $alpha
INFO [2025-08-08 16:01:27] [1] 0.5
INFO [2025-08-08 16:01:27] 
INFO [2025-08-08 16:01:27] $cex
INFO [2025-08-08 16:01:27] [1] 2
INFO [2025-08-08 16:01:27] 
INFO [2025-08-08 16:01:27] $cat.cex
INFO [2025-08-08 16:01:27] [1] 1.5
INFO [2025-08-08 16:01:27] 
INFO [2025-08-08 16:01:27] $cat.pos
INFO [2025-08-08 16:01:27] [1] 0
INFO [2025-08-08 16:01:27] 
INFO [2025-08-08 16:01:27] $cat.dist
INFO [2025-08-08 16:01:27] [1] 0.05
INFO [2025-08-08 16:01:27] 
INFO [2025-08-08 16:01:27] $main
INFO [2025-08-08 16:01:27] paste("Species Overlap: Pooled vs Singles,", g)
INFO [2025-08-08 16:01:27] 
