INFO [2025-08-08 16:04:06] $x
INFO [2025-08-08 16:04:06] venn_lists[[g]]
INFO [2025-08-08 16:04:06] 
INFO [2025-08-08 16:04:06] $filename
INFO [2025-08-08 16:04:06] NULL
INFO [2025-08-08 16:04:06] 
INFO [2025-08-08 16:04:06] $fill
INFO [2025-08-08 16:04:06] c("skyblue", "lightgreen")
INFO [2025-08-08 16:04:06] 
INFO [2025-08-08 16:04:06] $alpha
INFO [2025-08-08 16:04:06] [1] 0.5
INFO [2025-08-08 16:04:06] 
INFO [2025-08-08 16:04:06] $cex
INFO [2025-08-08 16:04:06] [1] 2
INFO [2025-08-08 16:04:06] 
INFO [2025-08-08 16:04:06] $cat.cex
INFO [2025-08-08 16:04:06] [1] 1.5
INFO [2025-08-08 16:04:06] 
INFO [2025-08-08 16:04:06] $cat.pos
INFO [2025-08-08 16:04:06] [1] 0
INFO [2025-08-08 16:04:06] 
INFO [2025-08-08 16:04:06] $cat.dist
INFO [2025-08-08 16:04:06] [1] 0.05
INFO [2025-08-08 16:04:06] 
INFO [2025-08-08 16:04:06] $main
INFO [2025-08-08 16:04:06] paste("Species Overlap: Pooled vs Singles,", g)
INFO [2025-08-08 16:04:06] 
