INFO [2025-08-08 16:03:57] $x
INFO [2025-08-08 16:03:57] venn_lists[[g]]
INFO [2025-08-08 16:03:57] 
INFO [2025-08-08 16:03:57] $filename
INFO [2025-08-08 16:03:57] NULL
INFO [2025-08-08 16:03:57] 
INFO [2025-08-08 16:03:57] $fill
INFO [2025-08-08 16:03:57] c("skyblue", "lightgreen")
INFO [2025-08-08 16:03:57] 
INFO [2025-08-08 16:03:57] $alpha
INFO [2025-08-08 16:03:57] [1] 0.5
INFO [2025-08-08 16:03:57] 
INFO [2025-08-08 16:03:57] $cex
INFO [2025-08-08 16:03:57] [1] 2
INFO [2025-08-08 16:03:57] 
INFO [2025-08-08 16:03:57] $cat.cex
INFO [2025-08-08 16:03:57] [1] 1.5
INFO [2025-08-08 16:03:57] 
INFO [2025-08-08 16:03:57] $cat.pos
INFO [2025-08-08 16:03:57] [1] 0
INFO [2025-08-08 16:03:57] 
INFO [2025-08-08 16:03:57] $cat.dist
INFO [2025-08-08 16:03:57] [1] 0.05
INFO [2025-08-08 16:03:57] 
INFO [2025-08-08 16:03:57] $main
INFO [2025-08-08 16:03:57] paste("Species Overlap: Pooled vs Singles,", g)
INFO [2025-08-08 16:03:57] 
