INFO [2025-08-07 12:38:31] $x
INFO [2025-08-07 12:38:31] list(Pooled = b1_pooled_spp_list, Singles = b1_sinlges_spp_list)
INFO [2025-08-07 12:38:31] 
INFO [2025-08-07 12:38:31] $filename
INFO [2025-08-07 12:38:31] NULL
INFO [2025-08-07 12:38:31] 
INFO [2025-08-07 12:38:31] $fill
INFO [2025-08-07 12:38:31] c("skyblue", "lightgreen")
INFO [2025-08-07 12:38:31] 
INFO [2025-08-07 12:38:31] $alpha
INFO [2025-08-07 12:38:31] [1] 0.5
INFO [2025-08-07 12:38:31] 
INFO [2025-08-07 12:38:31] $cex
INFO [2025-08-07 12:38:31] [1] 2
INFO [2025-08-07 12:38:31] 
INFO [2025-08-07 12:38:31] $cat.cex
INFO [2025-08-07 12:38:31] [1] 1.5
INFO [2025-08-07 12:38:31] 
INFO [2025-08-07 12:38:31] $cat.pos
INFO [2025-08-07 12:38:31] [1] 0
INFO [2025-08-07 12:38:31] 
INFO [2025-08-07 12:38:31] $cat.dist
INFO [2025-08-07 12:38:31] [1] 0.05
INFO [2025-08-07 12:38:31] 
INFO [2025-08-07 12:38:31] $main
INFO [2025-08-07 12:38:31] [1] "Species Overlap: Pooled vs Singles, B2"
INFO [2025-08-07 12:38:31] 
