INFO [2025-08-07 12:38:44] $x
INFO [2025-08-07 12:38:44] list(Pooled = b2_pooled_spp_list, Singles = b2_sinlges_spp_list)
INFO [2025-08-07 12:38:44] 
INFO [2025-08-07 12:38:44] $filename
INFO [2025-08-07 12:38:44] NULL
INFO [2025-08-07 12:38:44] 
INFO [2025-08-07 12:38:44] $fill
INFO [2025-08-07 12:38:44] c("skyblue", "lightgreen")
INFO [2025-08-07 12:38:44] 
INFO [2025-08-07 12:38:44] $alpha
INFO [2025-08-07 12:38:44] [1] 0.5
INFO [2025-08-07 12:38:44] 
INFO [2025-08-07 12:38:44] $cex
INFO [2025-08-07 12:38:44] [1] 2
INFO [2025-08-07 12:38:44] 
INFO [2025-08-07 12:38:44] $cat.cex
INFO [2025-08-07 12:38:44] [1] 1.5
INFO [2025-08-07 12:38:44] 
INFO [2025-08-07 12:38:44] $cat.pos
INFO [2025-08-07 12:38:44] [1] 0
INFO [2025-08-07 12:38:44] 
INFO [2025-08-07 12:38:44] $cat.dist
INFO [2025-08-07 12:38:44] [1] 0.05
INFO [2025-08-07 12:38:44] 
INFO [2025-08-07 12:38:44] $main
INFO [2025-08-07 12:38:44] [1] "Species Overlap: Pooled vs Singles, B2"
INFO [2025-08-07 12:38:44] 
