INFO [2025-08-07 12:11:58] $x
INFO [2025-08-07 12:11:58] list(Pooled = b1_pooled_spp_list, Singles = b1_sinlges_spp_list)
INFO [2025-08-07 12:11:58] 
INFO [2025-08-07 12:11:58] $filename
INFO [2025-08-07 12:11:58] NULL
INFO [2025-08-07 12:11:58] 
INFO [2025-08-07 12:11:58] $fill
INFO [2025-08-07 12:11:58] c("skyblue", "lightgreen")
INFO [2025-08-07 12:11:58] 
INFO [2025-08-07 12:11:58] $alpha
INFO [2025-08-07 12:11:58] [1] 0.5
INFO [2025-08-07 12:11:58] 
INFO [2025-08-07 12:11:58] $cex
INFO [2025-08-07 12:11:58] [1] 2
INFO [2025-08-07 12:11:58] 
INFO [2025-08-07 12:11:58] $cat.cex
INFO [2025-08-07 12:11:58] [1] 1.5
INFO [2025-08-07 12:11:58] 
INFO [2025-08-07 12:11:58] $cat.pos
INFO [2025-08-07 12:11:58] [1] 0
INFO [2025-08-07 12:11:58] 
INFO [2025-08-07 12:11:58] $cat.dist
INFO [2025-08-07 12:11:58] [1] 0.05
INFO [2025-08-07 12:11:58] 
INFO [2025-08-07 12:11:58] $main
INFO [2025-08-07 12:11:58] [1] "Species Overlap: Pooled vs Singles, B1"
INFO [2025-08-07 12:11:58] 
