INFO [2025-08-08 16:04:59] $x
INFO [2025-08-08 16:04:59] venn_lists[[g]]
INFO [2025-08-08 16:04:59] 
INFO [2025-08-08 16:04:59] $filename
INFO [2025-08-08 16:04:59] NULL
INFO [2025-08-08 16:04:59] 
INFO [2025-08-08 16:04:59] $fill
INFO [2025-08-08 16:04:59] c("skyblue", "lightgreen")
INFO [2025-08-08 16:04:59] 
INFO [2025-08-08 16:04:59] $alpha
INFO [2025-08-08 16:04:59] [1] 0.5
INFO [2025-08-08 16:04:59] 
INFO [2025-08-08 16:04:59] $cex
INFO [2025-08-08 16:04:59] [1] 2
INFO [2025-08-08 16:04:59] 
INFO [2025-08-08 16:04:59] $cat.cex
INFO [2025-08-08 16:04:59] [1] 1.5
INFO [2025-08-08 16:04:59] 
INFO [2025-08-08 16:04:59] $cat.pos
INFO [2025-08-08 16:04:59] [1] 0
INFO [2025-08-08 16:04:59] 
INFO [2025-08-08 16:04:59] $cat.dist
INFO [2025-08-08 16:04:59] [1] 0.05
INFO [2025-08-08 16:04:59] 
INFO [2025-08-08 16:04:59] $main
INFO [2025-08-08 16:04:59] paste("Species Overlap: Pooled vs Singles,", g)
INFO [2025-08-08 16:04:59] 
